<?xml version="1.0" encoding="UTF-8"?>
<!-- Generated by org.testng.reporters.JUnitXMLReporter -->
<testsuite ignored="0" hostname="Legion-5" failures="0" tests="3" name="Default test" time="4.399" errors="0" timestamp="2022-02-06T15:56:55 WIB">
  <testcase classname="qaautomation.january2022.GraphQLTest" name="checkCEO" time="3.205"/>
  <testcase classname="qaautomation.january2022.GraphQLTest" name="fakerTest" time="0.143"/>
  <testcase classname="qaautomation.january2022.GraphQLTest" name="launchRocketWithVariable" time="0.925"/>
</testsuite> <!-- Default test -->
