<?xml version="1.0" encoding="UTF-8"?>
<testng-results ignored="0" total="1" passed="1" failed="0" skipped="0">
  <reporter-output>
  </reporter-output>
  <suite started-at="2022-02-06T08:28:09Z" name="Suite" finished-at="2022-02-06T08:28:12Z" duration-ms="3032">
    <groups>
    </groups>
    <test started-at="2022-02-06T08:28:09Z" name="Test" finished-at="2022-02-06T08:28:12Z" duration-ms="3032">
      <class name="qaautomation.january2022.GraphQLTest">
        <test-method signature="checkCEO()[pri:0, instance:qaautomation.january2022.GraphQLTest@176b75f7]" started-at="2022-02-06T08:28:09Z" name="checkCEO" finished-at="2022-02-06T08:28:12Z" duration-ms="2929" status="PASS">
          <reporter-output>
          </reporter-output>
        </test-method> <!-- checkCEO -->
      </class> <!-- qaautomation.january2022.GraphQLTest -->
    </test> <!-- Test -->
  </suite> <!-- Suite -->
</testng-results>
